[2.382s] Invoking command in '/home/racecar/racecar_ws/src/lab1c/ros_exercises': PYTHONPATH=/home/racecar/racecar_ws/src/lab1c/ros_exercises/build/ros_exercises/prefix_override:/home/racecar/racecar_ws/src/lab1c/ros_exercises/install/ros_exercises/lib/python3.8/site-packages:${PYTHONPATH} /usr/bin/python3 setup.py egg_info --egg-base build/ros_exercises build --build-base /home/racecar/racecar_ws/src/lab1c/ros_exercises/build/ros_exercises/build install --record /home/racecar/racecar_ws/src/lab1c/ros_exercises/build/ros_exercises/install.log --install-scripts $base/lib/ros_exercises --single-version-externally-managed
[2.719s] running egg_info
[2.719s] creating build/ros_exercises/ros_exercises.egg-info
[2.721s] writing build/ros_exercises/ros_exercises.egg-info/PKG-INFO
[2.728s] writing dependency_links to build/ros_exercises/ros_exercises.egg-info/dependency_links.txt
[2.729s] writing entry points to build/ros_exercises/ros_exercises.egg-info/entry_points.txt
[2.731s] writing requirements to build/ros_exercises/ros_exercises.egg-info/requires.txt
[2.732s] writing top-level names to build/ros_exercises/ros_exercises.egg-info/top_level.txt
[2.735s] writing manifest file 'build/ros_exercises/ros_exercises.egg-info/SOURCES.txt'
[2.778s] reading manifest file 'build/ros_exercises/ros_exercises.egg-info/SOURCES.txt'
[2.781s] writing manifest file 'build/ros_exercises/ros_exercises.egg-info/SOURCES.txt'
[2.782s] running build
[2.783s] running build_py
[2.784s] creating /home/racecar/racecar_ws/src/lab1c/ros_exercises/build/ros_exercises/build
[2.786s] creating /home/racecar/racecar_ws/src/lab1c/ros_exercises/build/ros_exercises/build/lib
[2.786s] creating /home/racecar/racecar_ws/src/lab1c/ros_exercises/build/ros_exercises/build/lib/ros_exercises
[2.788s] copying ros_exercises/__init__.py -> /home/racecar/racecar_ws/src/lab1c/ros_exercises/build/ros_exercises/build/lib/ros_exercises
[2.788s] copying ros_exercises/simple_subscriber.py -> /home/racecar/racecar_ws/src/lab1c/ros_exercises/build/ros_exercises/build/lib/ros_exercises
[2.790s] copying ros_exercises/simple_publisher.py -> /home/racecar/racecar_ws/src/lab1c/ros_exercises/build/ros_exercises/build/lib/ros_exercises
[2.792s] running install
[2.793s] running install_lib
[2.796s] creating /home/racecar/racecar_ws/src/lab1c/ros_exercises/install/ros_exercises/lib/python3.8/site-packages/ros_exercises
[2.797s] copying /home/racecar/racecar_ws/src/lab1c/ros_exercises/build/ros_exercises/build/lib/ros_exercises/__init__.py -> /home/racecar/racecar_ws/src/lab1c/ros_exercises/install/ros_exercises/lib/python3.8/site-packages/ros_exercises
[2.804s] copying /home/racecar/racecar_ws/src/lab1c/ros_exercises/build/ros_exercises/build/lib/ros_exercises/simple_subscriber.py -> /home/racecar/racecar_ws/src/lab1c/ros_exercises/install/ros_exercises/lib/python3.8/site-packages/ros_exercises
[2.810s] copying /home/racecar/racecar_ws/src/lab1c/ros_exercises/build/ros_exercises/build/lib/ros_exercises/simple_publisher.py -> /home/racecar/racecar_ws/src/lab1c/ros_exercises/install/ros_exercises/lib/python3.8/site-packages/ros_exercises
[2.814s] byte-compiling /home/racecar/racecar_ws/src/lab1c/ros_exercises/install/ros_exercises/lib/python3.8/site-packages/ros_exercises/__init__.py to __init__.cpython-38.pyc
[2.841s] byte-compiling /home/racecar/racecar_ws/src/lab1c/ros_exercises/install/ros_exercises/lib/python3.8/site-packages/ros_exercises/simple_subscriber.py to simple_subscriber.cpython-38.pyc
[2.853s] byte-compiling /home/racecar/racecar_ws/src/lab1c/ros_exercises/install/ros_exercises/lib/python3.8/site-packages/ros_exercises/simple_publisher.py to simple_publisher.cpython-38.pyc
[2.856s] running install_data
[2.858s] creating /home/racecar/racecar_ws/src/lab1c/ros_exercises/install/ros_exercises/share/ament_index
[2.866s] creating /home/racecar/racecar_ws/src/lab1c/ros_exercises/install/ros_exercises/share/ament_index/resource_index
[2.867s] creating /home/racecar/racecar_ws/src/lab1c/ros_exercises/install/ros_exercises/share/ament_index/resource_index/packages
[2.878s] copying resource/ros_exercises -> /home/racecar/racecar_ws/src/lab1c/ros_exercises/install/ros_exercises/share/ament_index/resource_index/packages
[2.879s] copying package.xml -> /home/racecar/racecar_ws/src/lab1c/ros_exercises/install/ros_exercises/share/ros_exercises
[2.880s] running install_egg_info
[2.882s] Copying build/ros_exercises/ros_exercises.egg-info to /home/racecar/racecar_ws/src/lab1c/ros_exercises/install/ros_exercises/lib/python3.8/site-packages/ros_exercises-0.0.0-py3.8.egg-info
[2.936s] running install_scripts
[2.960s] Installing simple_publisher script to /home/racecar/racecar_ws/src/lab1c/ros_exercises/install/ros_exercises/lib/ros_exercises
[2.973s] Installing simple_subscriber script to /home/racecar/racecar_ws/src/lab1c/ros_exercises/install/ros_exercises/lib/ros_exercises
[2.976s] writing list of installed files to '/home/racecar/racecar_ws/src/lab1c/ros_exercises/build/ros_exercises/install.log'
[2.997s] Invoked command in '/home/racecar/racecar_ws/src/lab1c/ros_exercises' returned '0': PYTHONPATH=/home/racecar/racecar_ws/src/lab1c/ros_exercises/build/ros_exercises/prefix_override:/home/racecar/racecar_ws/src/lab1c/ros_exercises/install/ros_exercises/lib/python3.8/site-packages:${PYTHONPATH} /usr/bin/python3 setup.py egg_info --egg-base build/ros_exercises build --build-base /home/racecar/racecar_ws/src/lab1c/ros_exercises/build/ros_exercises/build install --record /home/racecar/racecar_ws/src/lab1c/ros_exercises/build/ros_exercises/install.log --install-scripts $base/lib/ros_exercises --single-version-externally-managed
